2024-06-20 11:19:38.007 +03:00 [INF] User:0
Message: 
Path:/Users/asimgunduz/RiderProjects/MagicTWebAssembly/Server/Services/InitializerService.cs
Method:GetUsers
2024-06-20 11:19:38.210 +03:00 [INF] User:0
Message: 
Path:/Users/asimgunduz/RiderProjects/MagicTWebAssembly/Server/Services/InitializerService.cs
Method:GetRoles
2024-06-20 11:19:38.426 +03:00 [INF] User:0
Message: 
Path:/Users/asimgunduz/RiderProjects/MagicTWebAssembly/Server/Services/InitializerService.cs
Method:GetPermissions
2024-06-20 11:19:38.482 +03:00 [INF] User:0
Message: 
Path:/Users/asimgunduz/RiderProjects/MagicTWebAssembly/Server/Services/InitializerService.cs
Method:GetOperations
2024-06-20 11:28:56.402 +03:00 [INF] User:0
Message: 
Path:/Users/asimgunduz/RiderProjects/MagicTWebAssembly/Server/Services/InitializerService.cs
Method:GetUsers
2024-06-20 11:28:56.655 +03:00 [INF] User:0
Message: 
Path:/Users/asimgunduz/RiderProjects/MagicTWebAssembly/Server/Services/InitializerService.cs
Method:GetRoles
2024-06-20 11:28:56.865 +03:00 [INF] User:0
Message: 
Path:/Users/asimgunduz/RiderProjects/MagicTWebAssembly/Server/Services/InitializerService.cs
Method:GetPermissions
2024-06-20 11:28:56.918 +03:00 [INF] User:0
Message: 
Path:/Users/asimgunduz/RiderProjects/MagicTWebAssembly/Server/Services/InitializerService.cs
Method:GetOperations
2024-06-20 11:29:59.530 +03:00 [INF] User:0
Message: 
Path:/Users/asimgunduz/RiderProjects/MagicTWebAssembly/Server/Services/InitializerService.cs
Method:GetUsers
2024-06-20 11:29:59.598 +03:00 [INF] User:0
Message: 
Path:/Users/asimgunduz/RiderProjects/MagicTWebAssembly/Server/Services/InitializerService.cs
Method:GetRoles
2024-06-20 11:29:59.667 +03:00 [INF] User:0
Message: 
Path:/Users/asimgunduz/RiderProjects/MagicTWebAssembly/Server/Services/InitializerService.cs
Method:GetPermissions
2024-06-20 11:29:59.689 +03:00 [INF] User:0
Message: 
Path:/Users/asimgunduz/RiderProjects/MagicTWebAssembly/Server/Services/InitializerService.cs
Method:GetOperations
2024-06-20 11:33:30.484 +03:00 [INF] User:0
Message: 
Path:/Users/asimgunduz/RiderProjects/MagicTWebAssembly/Server/Services/InitializerService.cs
Method:GetUsers
2024-06-20 11:33:30.631 +03:00 [INF] User:0
Message: 
Path:/Users/asimgunduz/RiderProjects/MagicTWebAssembly/Server/Services/InitializerService.cs
Method:GetRoles
2024-06-20 11:33:30.752 +03:00 [INF] User:0
Message: 
Path:/Users/asimgunduz/RiderProjects/MagicTWebAssembly/Server/Services/InitializerService.cs
Method:GetPermissions
2024-06-20 11:33:30.787 +03:00 [INF] User:0
Message: 
Path:/Users/asimgunduz/RiderProjects/MagicTWebAssembly/Server/Services/InitializerService.cs
Method:GetOperations
2024-06-20 11:34:38.652 +03:00 [INF] User:0
Message: 
Path:/Users/asimgunduz/RiderProjects/MagicTWebAssembly/Server/Services/InitializerService.cs
Method:GetUsers
2024-06-20 11:34:38.910 +03:00 [INF] User:0
Message: 
Path:/Users/asimgunduz/RiderProjects/MagicTWebAssembly/Server/Services/InitializerService.cs
Method:GetRoles
2024-06-20 11:34:38.999 +03:00 [INF] User:0
Message: 
Path:/Users/asimgunduz/RiderProjects/MagicTWebAssembly/Server/Services/InitializerService.cs
Method:GetPermissions
2024-06-20 11:34:39.032 +03:00 [INF] User:0
Message: 
Path:/Users/asimgunduz/RiderProjects/MagicTWebAssembly/Server/Services/InitializerService.cs
Method:GetOperations
2024-06-20 11:41:12.253 +03:00 [INF] User:0
Message: 
Path:/Users/asimgunduz/RiderProjects/MagicTWebAssembly/Server/Services/InitializerService.cs
Method:GetUsers
2024-06-20 11:41:12.373 +03:00 [INF] User:0
Message: 
Path:/Users/asimgunduz/RiderProjects/MagicTWebAssembly/Server/Services/InitializerService.cs
Method:GetRoles
2024-06-20 11:41:12.478 +03:00 [INF] User:0
Message: 
Path:/Users/asimgunduz/RiderProjects/MagicTWebAssembly/Server/Services/InitializerService.cs
Method:GetPermissions
2024-06-20 11:41:12.513 +03:00 [INF] User:0
Message: 
Path:/Users/asimgunduz/RiderProjects/MagicTWebAssembly/Server/Services/InitializerService.cs
Method:GetOperations
2024-06-20 11:42:28.166 +03:00 [INF] User:0
Message: 
Path:/Users/asimgunduz/RiderProjects/MagicTWebAssembly/Server/Services/InitializerService.cs
Method:GetUsers
2024-06-20 11:42:28.283 +03:00 [INF] User:0
Message: 
Path:/Users/asimgunduz/RiderProjects/MagicTWebAssembly/Server/Services/InitializerService.cs
Method:GetRoles
2024-06-20 11:42:28.340 +03:00 [INF] User:0
Message: 
Path:/Users/asimgunduz/RiderProjects/MagicTWebAssembly/Server/Services/InitializerService.cs
Method:GetPermissions
2024-06-20 11:42:28.374 +03:00 [INF] User:0
Message: 
Path:/Users/asimgunduz/RiderProjects/MagicTWebAssembly/Server/Services/InitializerService.cs
Method:GetOperations
2024-06-20 14:00:25.316 +03:00 [INF] User:0
Message: 
Path:/Users/asimgunduz/RiderProjects/MagicTWebAssembly/Server/Services/InitializerService.cs
Method:GetUsers
2024-06-20 14:00:25.443 +03:00 [INF] User:0
Message: 
Path:/Users/asimgunduz/RiderProjects/MagicTWebAssembly/Server/Services/InitializerService.cs
Method:GetRoles
2024-06-20 14:00:25.625 +03:00 [INF] User:0
Message: 
Path:/Users/asimgunduz/RiderProjects/MagicTWebAssembly/Server/Services/InitializerService.cs
Method:GetPermissions
2024-06-20 14:00:25.677 +03:00 [INF] User:0
Message: 
Path:/Users/asimgunduz/RiderProjects/MagicTWebAssembly/Server/Services/InitializerService.cs
Method:GetOperations
2024-06-20 15:33:06.384 +03:00 [INF] User:0
Message: 
Path:/Users/asimgunduz/RiderProjects/MagicTWebAssembly/Server/Services/InitializerService.cs
Method:GetUsers
2024-06-20 15:33:06.469 +03:00 [INF] User:0
Message: 
Path:/Users/asimgunduz/RiderProjects/MagicTWebAssembly/Server/Services/InitializerService.cs
Method:GetRoles
2024-06-20 15:33:06.594 +03:00 [INF] User:0
Message: 
Path:/Users/asimgunduz/RiderProjects/MagicTWebAssembly/Server/Services/InitializerService.cs
Method:GetPermissions
2024-06-20 15:33:06.624 +03:00 [INF] User:0
Message: 
Path:/Users/asimgunduz/RiderProjects/MagicTWebAssembly/Server/Services/InitializerService.cs
Method:GetOperations
2024-06-20 15:37:30.073 +03:00 [INF] User:0
Message: 
Path:/Users/asimgunduz/RiderProjects/MagicTWebAssembly/Server/Services/InitializerService.cs
Method:GetUsers
2024-06-20 15:37:30.205 +03:00 [INF] User:0
Message: 
Path:/Users/asimgunduz/RiderProjects/MagicTWebAssembly/Server/Services/InitializerService.cs
Method:GetRoles
2024-06-20 15:37:30.319 +03:00 [INF] User:0
Message: 
Path:/Users/asimgunduz/RiderProjects/MagicTWebAssembly/Server/Services/InitializerService.cs
Method:GetPermissions
2024-06-20 15:37:30.359 +03:00 [INF] User:0
Message: 
Path:/Users/asimgunduz/RiderProjects/MagicTWebAssembly/Server/Services/InitializerService.cs
Method:GetOperations
2024-06-20 15:39:18.142 +03:00 [INF] User:0
Message: 
Path:/Users/asimgunduz/RiderProjects/MagicTWebAssembly/Server/Services/InitializerService.cs
Method:GetUsers
2024-06-20 15:39:18.197 +03:00 [INF] User:0
Message: 
Path:/Users/asimgunduz/RiderProjects/MagicTWebAssembly/Server/Services/InitializerService.cs
Method:GetRoles
2024-06-20 15:39:18.236 +03:00 [INF] User:0
Message: 
Path:/Users/asimgunduz/RiderProjects/MagicTWebAssembly/Server/Services/InitializerService.cs
Method:GetPermissions
2024-06-20 15:39:18.257 +03:00 [INF] User:0
Message: 
Path:/Users/asimgunduz/RiderProjects/MagicTWebAssembly/Server/Services/InitializerService.cs
Method:GetOperations
2024-06-20 15:44:34.242 +03:00 [INF] User:0
Message: 
Path:/Users/asimgunduz/RiderProjects/MagicTWebAssembly/Server/Services/InitializerService.cs
Method:GetUsers
2024-06-20 15:44:34.378 +03:00 [INF] User:0
Message: 
Path:/Users/asimgunduz/RiderProjects/MagicTWebAssembly/Server/Services/InitializerService.cs
Method:GetRoles
2024-06-20 15:44:34.485 +03:00 [INF] User:0
Message: 
Path:/Users/asimgunduz/RiderProjects/MagicTWebAssembly/Server/Services/InitializerService.cs
Method:GetPermissions
2024-06-20 15:44:34.516 +03:00 [INF] User:0
Message: 
Path:/Users/asimgunduz/RiderProjects/MagicTWebAssembly/Server/Services/InitializerService.cs
Method:GetOperations
2024-06-20 15:44:57.006 +03:00 [INF] User:0
Message: 
Path:/Users/asimgunduz/RiderProjects/MagicTWebAssembly/Server/Services/InitializerService.cs
Method:GetUsers
2024-06-20 15:44:57.038 +03:00 [INF] User:0
Message: 
Path:/Users/asimgunduz/RiderProjects/MagicTWebAssembly/Server/Services/InitializerService.cs
Method:GetRoles
2024-06-20 15:44:57.098 +03:00 [INF] User:0
Message: 
Path:/Users/asimgunduz/RiderProjects/MagicTWebAssembly/Server/Services/InitializerService.cs
Method:GetPermissions
2024-06-20 15:44:57.119 +03:00 [INF] User:0
Message: 
Path:/Users/asimgunduz/RiderProjects/MagicTWebAssembly/Server/Services/InitializerService.cs
Method:GetOperations
2024-06-20 15:46:54.516 +03:00 [INF] User:0
Message: 
Path:/Users/asimgunduz/RiderProjects/MagicTWebAssembly/Server/Services/InitializerService.cs
Method:GetUsers
2024-06-20 15:46:54.599 +03:00 [INF] User:0
Message: 
Path:/Users/asimgunduz/RiderProjects/MagicTWebAssembly/Server/Services/InitializerService.cs
Method:GetRoles
2024-06-20 15:46:54.644 +03:00 [INF] User:0
Message: 
Path:/Users/asimgunduz/RiderProjects/MagicTWebAssembly/Server/Services/InitializerService.cs
Method:GetPermissions
2024-06-20 15:46:54.674 +03:00 [INF] User:0
Message: 
Path:/Users/asimgunduz/RiderProjects/MagicTWebAssembly/Server/Services/InitializerService.cs
Method:GetOperations
2024-06-20 15:48:36.990 +03:00 [INF] User:0
Message: 
Path:/Users/asimgunduz/RiderProjects/MagicTWebAssembly/Server/Services/InitializerService.cs
Method:GetUsers
2024-06-20 15:48:37.125 +03:00 [INF] User:0
Message: 
Path:/Users/asimgunduz/RiderProjects/MagicTWebAssembly/Server/Services/InitializerService.cs
Method:GetRoles
2024-06-20 15:48:37.280 +03:00 [INF] User:0
Message: 
Path:/Users/asimgunduz/RiderProjects/MagicTWebAssembly/Server/Services/InitializerService.cs
Method:GetPermissions
2024-06-20 15:48:37.326 +03:00 [INF] User:0
Message: 
Path:/Users/asimgunduz/RiderProjects/MagicTWebAssembly/Server/Services/InitializerService.cs
Method:GetOperations
2024-06-20 15:49:25.023 +03:00 [INF] User:0
Message: 
Path:/Users/asimgunduz/RiderProjects/MagicTWebAssembly/Server/Services/InitializerService.cs
Method:GetUsers
2024-06-20 15:49:25.066 +03:00 [INF] User:0
Message: 
Path:/Users/asimgunduz/RiderProjects/MagicTWebAssembly/Server/Services/InitializerService.cs
Method:GetRoles
2024-06-20 15:49:25.200 +03:00 [INF] User:0
Message: 
Path:/Users/asimgunduz/RiderProjects/MagicTWebAssembly/Server/Services/InitializerService.cs
Method:GetPermissions
2024-06-20 15:49:25.245 +03:00 [INF] User:0
Message: 
Path:/Users/asimgunduz/RiderProjects/MagicTWebAssembly/Server/Services/InitializerService.cs
Method:GetOperations
2024-06-20 15:49:53.276 +03:00 [INF] User:0
Message: 
Path:/Users/asimgunduz/RiderProjects/MagicTWebAssembly/Server/Services/InitializerService.cs
Method:GetUsers
2024-06-20 15:49:53.318 +03:00 [INF] User:0
Message: 
Path:/Users/asimgunduz/RiderProjects/MagicTWebAssembly/Server/Services/InitializerService.cs
Method:GetRoles
2024-06-20 15:49:53.375 +03:00 [INF] User:0
Message: 
Path:/Users/asimgunduz/RiderProjects/MagicTWebAssembly/Server/Services/InitializerService.cs
Method:GetPermissions
2024-06-20 15:49:53.404 +03:00 [INF] User:0
Message: 
Path:/Users/asimgunduz/RiderProjects/MagicTWebAssembly/Server/Services/InitializerService.cs
Method:GetOperations
2024-06-20 15:50:44.679 +03:00 [INF] User:0
Message: 
Path:/Users/asimgunduz/RiderProjects/MagicTWebAssembly/Server/Services/InitializerService.cs
Method:GetUsers
2024-06-20 15:50:44.746 +03:00 [INF] User:0
Message: 
Path:/Users/asimgunduz/RiderProjects/MagicTWebAssembly/Server/Services/InitializerService.cs
Method:GetRoles
2024-06-20 15:50:44.884 +03:00 [INF] User:0
Message: 
Path:/Users/asimgunduz/RiderProjects/MagicTWebAssembly/Server/Services/InitializerService.cs
Method:GetPermissions
2024-06-20 15:50:44.906 +03:00 [INF] User:0
Message: 
Path:/Users/asimgunduz/RiderProjects/MagicTWebAssembly/Server/Services/InitializerService.cs
Method:GetOperations
2024-06-20 15:50:54.823 +03:00 [INF] User:0
Message: 
Path:/Users/asimgunduz/RiderProjects/MagicTWebAssembly/Server/Services/InitializerService.cs
Method:GetUsers
2024-06-20 15:50:54.874 +03:00 [INF] User:0
Message: 
Path:/Users/asimgunduz/RiderProjects/MagicTWebAssembly/Server/Services/InitializerService.cs
Method:GetRoles
2024-06-20 15:50:54.920 +03:00 [INF] User:0
Message: 
Path:/Users/asimgunduz/RiderProjects/MagicTWebAssembly/Server/Services/InitializerService.cs
Method:GetPermissions
2024-06-20 15:50:54.946 +03:00 [INF] User:0
Message: 
Path:/Users/asimgunduz/RiderProjects/MagicTWebAssembly/Server/Services/InitializerService.cs
Method:GetOperations
2024-06-20 15:51:03.620 +03:00 [INF] User:0
Message: 
Path:/Users/asimgunduz/RiderProjects/MagicTWebAssembly/Server/Services/InitializerService.cs
Method:GetUsers
2024-06-20 15:51:03.712 +03:00 [INF] User:0
Message: 
Path:/Users/asimgunduz/RiderProjects/MagicTWebAssembly/Server/Services/InitializerService.cs
Method:GetRoles
2024-06-20 15:51:03.761 +03:00 [INF] User:0
Message: 
Path:/Users/asimgunduz/RiderProjects/MagicTWebAssembly/Server/Services/InitializerService.cs
Method:GetPermissions
2024-06-20 15:51:03.786 +03:00 [INF] User:0
Message: 
Path:/Users/asimgunduz/RiderProjects/MagicTWebAssembly/Server/Services/InitializerService.cs
Method:GetOperations
2024-06-20 16:01:19.627 +03:00 [INF] User:0
Message: 
Path:/Users/asimgunduz/RiderProjects/MagicTWebAssembly/Server/Services/InitializerService.cs
Method:GetUsers
2024-06-20 16:01:19.668 +03:00 [INF] User:0
Message: 
Path:/Users/asimgunduz/RiderProjects/MagicTWebAssembly/Server/Services/InitializerService.cs
Method:GetRoles
2024-06-20 16:01:19.714 +03:00 [INF] User:0
Message: 
Path:/Users/asimgunduz/RiderProjects/MagicTWebAssembly/Server/Services/InitializerService.cs
Method:GetPermissions
2024-06-20 16:01:19.733 +03:00 [INF] User:0
Message: 
Path:/Users/asimgunduz/RiderProjects/MagicTWebAssembly/Server/Services/InitializerService.cs
Method:GetOperations
2024-06-20 16:01:26.651 +03:00 [INF] User:0
Message: 
Path:/Users/asimgunduz/RiderProjects/MagicTWebAssembly/Server/Services/InitializerService.cs
Method:GetUsers
2024-06-20 16:01:26.722 +03:00 [INF] User:0
Message: 
Path:/Users/asimgunduz/RiderProjects/MagicTWebAssembly/Server/Services/InitializerService.cs
Method:GetRoles
2024-06-20 16:01:26.773 +03:00 [INF] User:0
Message: 
Path:/Users/asimgunduz/RiderProjects/MagicTWebAssembly/Server/Services/InitializerService.cs
Method:GetPermissions
2024-06-20 16:01:26.794 +03:00 [INF] User:0
Message: 
Path:/Users/asimgunduz/RiderProjects/MagicTWebAssembly/Server/Services/InitializerService.cs
Method:GetOperations
2024-06-20 16:02:27.231 +03:00 [INF] User:0
Message: 
Path:/Users/asimgunduz/RiderProjects/MagicTWebAssembly/Server/Services/InitializerService.cs
Method:GetUsers
2024-06-20 16:02:27.280 +03:00 [INF] User:0
Message: 
Path:/Users/asimgunduz/RiderProjects/MagicTWebAssembly/Server/Services/InitializerService.cs
Method:GetRoles
2024-06-20 16:02:27.387 +03:00 [INF] User:0
Message: 
Path:/Users/asimgunduz/RiderProjects/MagicTWebAssembly/Server/Services/InitializerService.cs
Method:GetPermissions
2024-06-20 16:02:27.414 +03:00 [INF] User:0
Message: 
Path:/Users/asimgunduz/RiderProjects/MagicTWebAssembly/Server/Services/InitializerService.cs
Method:GetOperations
2024-06-20 16:02:53.435 +03:00 [INF] User:0
Message: 
Path:/Users/asimgunduz/RiderProjects/MagicTWebAssembly/Server/Services/InitializerService.cs
Method:GetUsers
2024-06-20 16:02:53.483 +03:00 [INF] User:0
Message: 
Path:/Users/asimgunduz/RiderProjects/MagicTWebAssembly/Server/Services/InitializerService.cs
Method:GetRoles
2024-06-20 16:02:53.537 +03:00 [INF] User:0
Message: 
Path:/Users/asimgunduz/RiderProjects/MagicTWebAssembly/Server/Services/InitializerService.cs
Method:GetPermissions
2024-06-20 16:02:53.561 +03:00 [INF] User:0
Message: 
Path:/Users/asimgunduz/RiderProjects/MagicTWebAssembly/Server/Services/InitializerService.cs
Method:GetOperations
2024-06-20 16:04:23.030 +03:00 [INF] User:0
Message: 
Path:/Users/asimgunduz/RiderProjects/MagicTWebAssembly/Server/Services/InitializerService.cs
Method:GetUsers
2024-06-20 16:04:23.079 +03:00 [INF] User:0
Message: 
Path:/Users/asimgunduz/RiderProjects/MagicTWebAssembly/Server/Services/InitializerService.cs
Method:GetRoles
2024-06-20 16:04:23.130 +03:00 [INF] User:0
Message: 
Path:/Users/asimgunduz/RiderProjects/MagicTWebAssembly/Server/Services/InitializerService.cs
Method:GetPermissions
2024-06-20 16:04:23.155 +03:00 [INF] User:0
Message: 
Path:/Users/asimgunduz/RiderProjects/MagicTWebAssembly/Server/Services/InitializerService.cs
Method:GetOperations
2024-06-20 16:05:51.712 +03:00 [INF] User:0
Message: 
Path:/Users/asimgunduz/RiderProjects/MagicTWebAssembly/Server/Services/InitializerService.cs
Method:GetUsers
2024-06-20 16:05:51.916 +03:00 [INF] User:0
Message: 
Path:/Users/asimgunduz/RiderProjects/MagicTWebAssembly/Server/Services/InitializerService.cs
Method:GetRoles
2024-06-20 16:05:52.037 +03:00 [INF] User:0
Message: 
Path:/Users/asimgunduz/RiderProjects/MagicTWebAssembly/Server/Services/InitializerService.cs
Method:GetPermissions
2024-06-20 16:05:52.077 +03:00 [INF] User:0
Message: 
Path:/Users/asimgunduz/RiderProjects/MagicTWebAssembly/Server/Services/InitializerService.cs
Method:GetOperations
2024-06-20 16:06:13.594 +03:00 [INF] User:0
Message: 
Path:/Users/asimgunduz/RiderProjects/MagicTWebAssembly/Server/Services/InitializerService.cs
Method:GetUsers
2024-06-20 16:06:13.634 +03:00 [INF] User:0
Message: 
Path:/Users/asimgunduz/RiderProjects/MagicTWebAssembly/Server/Services/InitializerService.cs
Method:GetRoles
2024-06-20 16:06:13.800 +03:00 [INF] User:0
Message: 
Path:/Users/asimgunduz/RiderProjects/MagicTWebAssembly/Server/Services/InitializerService.cs
Method:GetPermissions
2024-06-20 16:06:13.831 +03:00 [INF] User:0
Message: 
Path:/Users/asimgunduz/RiderProjects/MagicTWebAssembly/Server/Services/InitializerService.cs
Method:GetOperations
2024-06-20 16:07:45.124 +03:00 [INF] User:0
Message: 
Path:/Users/asimgunduz/RiderProjects/MagicTWebAssembly/Server/Services/InitializerService.cs
Method:GetUsers
2024-06-20 16:07:45.205 +03:00 [INF] User:0
Message: 
Path:/Users/asimgunduz/RiderProjects/MagicTWebAssembly/Server/Services/InitializerService.cs
Method:GetRoles
2024-06-20 16:07:45.272 +03:00 [INF] User:0
Message: 
Path:/Users/asimgunduz/RiderProjects/MagicTWebAssembly/Server/Services/InitializerService.cs
Method:GetPermissions
2024-06-20 16:07:45.299 +03:00 [INF] User:0
Message: 
Path:/Users/asimgunduz/RiderProjects/MagicTWebAssembly/Server/Services/InitializerService.cs
Method:GetOperations
2024-06-20 16:09:29.041 +03:00 [INF] User:0
Message: 
Path:/Users/asimgunduz/RiderProjects/MagicTWebAssembly/Server/Services/InitializerService.cs
Method:GetUsers
2024-06-20 16:09:29.200 +03:00 [INF] User:0
Message: 
Path:/Users/asimgunduz/RiderProjects/MagicTWebAssembly/Server/Services/InitializerService.cs
Method:GetRoles
2024-06-20 16:09:29.374 +03:00 [INF] User:0
Message: 
Path:/Users/asimgunduz/RiderProjects/MagicTWebAssembly/Server/Services/InitializerService.cs
Method:GetPermissions
2024-06-20 16:09:29.427 +03:00 [INF] User:0
Message: 
Path:/Users/asimgunduz/RiderProjects/MagicTWebAssembly/Server/Services/InitializerService.cs
Method:GetOperations
